# JRE version: OpenJDK Runtime Environment Temurin-21.0.10+7 (21.0.10+7) (build 21.0.10+7-LTS)
# Java VM: OpenJDK 64-Bit Server VM Temurin-21.0.10+7 (21.0.10+7-LTS, mixed mode, sharing, tiered, compressed oops, compressed class ptrs, g1 gc, windows-amd64)
GC Precious Log:
 CardTable entry size: 512
 Card Set container configuration: InlinePtr #cards 5 size 8 Array Of Cards #cards 12 size 40 Howl #buckets 4 coarsen threshold 1843 Howl Bitmap #cards 512 size 80 coarsen threshold 460 Card regions per heap region 1 cards per card region 2048
 CPUs: 16 total, 16 available
 Memory: 32693M
 Large Page Support: Disabled
 NUMA Support: Disabled
 Compressed Oops: Enabled (32-bit)
 Heap Region Size: 1M
 Heap Min Capacity: 8M
 Heap Initial Capacity: 512M
 Heap Max Capacity: 2G
 Pre-touch: Disabled
 Parallel Workers: 13
 Concurrent Workers: 3
 Concurrent Refinement Workers: 13
 Periodic GC: Disabled
Heap:
 garbage-first heap   total 242688K, used 173153K [0x0000000080000000, 0x0000000100000000)
  region size 1024K, 75 young (76800K), 10 survivors (10240K)
 Metaspace       used 94430K, committed 96576K, reserved 1179648K
  class space    used 13209K, committed 14272K, reserved 1048576K
GC Heap History (20 events):
Event: 3.514 GC heap before
{Heap before GC invocations=4 (full 0):
 garbage-first heap   total 86016K, used 85474K [0x0000000080000000, 0x0000000100000000)
  region size 1024K, 72 young (73728K), 13 survivors (13312K)
 Metaspace       used 27928K, committed 29120K, reserved 1114112K
  class space    used 4230K, committed 4800K, reserved 1048576K
}
Event: 3.522 GC heap after
{Heap after GC invocations=5 (full 0):
 garbage-first heap   total 102400K, used 28130K [0x0000000080000000, 0x0000000100000000)
  region size 1024K, 16 young (16384K), 16 survivors (16384K)
 Metaspace       used 27928K, committed 29120K, reserved 1114112K
  class space    used 4230K, committed 4800K, reserved 1048576K
}
Event: 3.943 GC heap before
{Heap before GC invocations=5 (full 0):
 garbage-first heap   total 102400K, used 63970K [0x0000000080000000, 0x0000000100000000)
  region size 1024K, 53 young (54272K), 16 survivors (16384K)
 Metaspace       used 34722K, committed 35968K, reserved 1114112K
  class space    used 5012K, committed 5632K, reserved 1048576K
}
Event: 3.948 GC heap after
{Heap after GC invocations=6 (full 0):
 garbage-first heap   total 102400K, used 32329K [0x0000000080000000, 0x0000000100000000)
  region size 1024K, 8 young (8192K), 8 survivors (8192K)
 Metaspace       used 34722K, committed 35968K, reserved 1114112K
  class space    used 5012K, committed 5632K, reserved 1048576K
}
Event: 4.030 GC heap before
{Heap before GC invocations=6 (full 0):
 garbage-first heap   total 102400K, used 49737K [0x0000000080000000, 0x0000000100000000)
  region size 1024K, 26 young (26624K), 8 survivors (8192K)
 Metaspace       used 35059K, committed 36288K, reserved 1114112K
  class space    used 5060K, committed 5696K, reserved 1048576K
}
Event: 4.033 GC heap after
{Heap after GC invocations=7 (full 0):
 garbage-first heap   total 102400K, used 33006K [0x0000000080000000, 0x0000000100000000)
  region size 1024K, 5 young (5120K), 5 survivors (5120K)
 Metaspace       used 35059K, committed 36288K, reserved 1114112K
  class space    used 5060K, committed 5696K, reserved 1048576K
}
Event: 4.579 GC heap before
{Heap before GC invocations=8 (full 0):
 garbage-first heap   total 102400K, used 87278K [0x0000000080000000, 0x0000000100000000)
  region size 1024K, 58 young (59392K), 5 survivors (5120K)
 Metaspace       used 39290K, committed 40768K, reserved 1114112K
  class space    used 5800K, committed 6528K, reserved 1048576K
}
Event: 4.583 GC heap after
{Heap after GC invocations=9 (full 0):
 garbage-first heap   total 313344K, used 36041K [0x0000000080000000, 0x0000000100000000)
  region size 1024K, 5 young (5120K), 5 survivors (5120K)
 Metaspace       used 39290K, committed 40768K, reserved 1114112K
  class space    used 5800K, committed 6528K, reserved 1048576K
}
Event: 8.195 GC heap before
{Heap before GC invocations=9 (full 0):
 garbage-first heap   total 313344K, used 219337K [0x0000000080000000, 0x0000000100000000)
  region size 1024K, 183 young (187392K), 5 survivors (5120K)
 Metaspace       used 54527K, committed 56256K, reserved 1114112K
  class space    used 7885K, committed 8768K, reserved 1048576K
}
Event: 8.202 GC heap after
{Heap after GC invocations=10 (full 0):
 garbage-first heap   total 313344K, used 46832K [0x0000000080000000, 0x0000000100000000)
  region size 1024K, 15 young (15360K), 15 survivors (15360K)
 Metaspace       used 54527K, committed 56256K, reserved 1114112K
  class space    used 7885K, committed 8768K, reserved 1048576K
}
Event: 8.988 GC heap before
{Heap before GC invocations=10 (full 0):
 garbage-first heap   total 313344K, used 220912K [0x0000000080000000, 0x0000000100000000)
  region size 1024K, 173 young (177152K), 15 survivors (15360K)
 Metaspace       used 58848K, committed 60608K, reserved 1114112K
  class space    used 8387K, committed 9280K, reserved 1048576K
}
Event: 8.995 GC heap after
{Heap after GC invocations=11 (full 0):
 garbage-first heap   total 313344K, used 71871K [0x0000000080000000, 0x0000000100000000)
  region size 1024K, 23 young (23552K), 23 survivors (23552K)
 Metaspace       used 58848K, committed 60608K, reserved 1114112K
  class space    used 8387K, committed 9280K, reserved 1048576K
}
Event: 10.168 GC heap before
{Heap before GC invocations=12 (full 0):
 garbage-first heap   total 242688K, used 198847K [0x0000000080000000, 0x0000000100000000)
  region size 1024K, 142 young (145408K), 23 survivors (23552K)
 Metaspace       used 69195K, committed 71104K, reserved 1114112K
  class space    used 9709K, committed 10624K, reserved 1048576K
}
Event: 10.177 GC heap after
{Heap after GC invocations=13 (full 0):
 garbage-first heap   total 242688K, used 80396K [0x0000000080000000, 0x0000000100000000)
  region size 1024K, 9 young (9216K), 9 survivors (9216K)
 Metaspace       used 69195K, committed 71104K, reserved 1114112K
  class space    used 9709K, committed 10624K, reserved 1048576K
}
Event: 11.256 GC heap before
{Heap before GC invocations=13 (full 0):
 garbage-first heap   total 242688K, used 212492K [0x0000000080000000, 0x0000000100000000)
  region size 1024K, 135 young (138240K), 9 survivors (9216K)
 Metaspace       used 77741K, committed 79744K, reserved 1179648K
  class space    used 10891K, committed 11904K, reserved 1048576K
}
Event: 11.261 GC heap after
{Heap after GC invocations=14 (full 0):
 garbage-first heap   total 242688K, used 92935K [0x0000000080000000, 0x0000000100000000)
  region size 1024K, 17 young (17408K), 17 survivors (17408K)
 Metaspace       used 77741K, committed 79744K, reserved 1179648K
  class space    used 10891K, committed 11904K, reserved 1048576K
}
Event: 11.521 GC heap before
{Heap before GC invocations=14 (full 0):
 garbage-first heap   total 242688K, used 128775K [0x0000000080000000, 0x0000000100000000)
  region size 1024K, 53 young (54272K), 17 survivors (17408K)
 Metaspace       used 80456K, committed 82496K, reserved 1179648K
  class space    used 11270K, committed 12288K, reserved 1048576K
}
Event: 11.526 GC heap after
{Heap after GC invocations=15 (full 0):
 garbage-first heap   total 242688K, used 94835K [0x0000000080000000, 0x0000000100000000)
  region size 1024K, 11 young (11264K), 11 survivors (11264K)
 Metaspace       used 80456K, committed 82496K, reserved 1179648K
  class space    used 11270K, committed 12288K, reserved 1048576K
}
Event: 12.734 GC heap before
{Heap before GC invocations=16 (full 0):
 garbage-first heap   total 242688K, used 217715K [0x0000000080000000, 0x0000000100000000)
  region size 1024K, 131 young (134144K), 11 survivors (11264K)
 Metaspace       used 89223K, committed 91392K, reserved 1179648K
  class space    used 12600K, committed 13696K, reserved 1048576K
}
Event: 12.741 GC heap after
{Heap after GC invocations=17 (full 0):
 garbage-first heap   total 242688K, used 102497K [0x0000000080000000, 0x0000000100000000)
  region size 1024K, 10 young (10240K), 10 survivors (10240K)
 Metaspace       used 89223K, committed 91392K, reserved 1179648K
  class space    used 12600K, committed 13696K, reserved 1048576K
}

